<?xml version="1.0" encoding="UTF-8"?>
<!-- Generated by org.testng.reporters.JUnitXMLReporter -->
<testsuite ignored="0" hostname="DESKTOP-G07M1S2" failures="3" tests="32" name="Test" time="43.289" errors="0" timestamp="2024-10-03T00:47:16 IST">
  <testcase classname="interviewQue.ReRunTestWithIAnnotation" name="sample1" time="0.021">
    <skipped/>
  </testcase> <!-- sample1 -->
  <testcase classname="interviewQue.ReRunTestWithIAnnotation" name="sample1" time="0.004">
    <skipped/>
  </testcase> <!-- sample1 -->
  <testcase classname="interviewQue.ReRunTestWithIAnnotation" name="sample1" time="0.004">
    <skipped/>
  </testcase> <!-- sample1 -->
  <testcase classname="interviewQue.ReRunTestWithIAnnotation" name="sample1" time="0.005">
    <skipped/>
  </testcase> <!-- sample1 -->
  <testcase classname="interviewQue.ReRunTestWithIAnnotation" name="sample1" time="0.007">
    <skipped/>
  </testcase> <!-- sample1 -->
  <testcase classname="interviewQue.ReRunTestWithIAnnotation" name="sample1" time="0.01">
    <skipped/>
  </testcase> <!-- sample1 -->
  <testcase classname="interviewQue.ReRunTestWithIAnnotation" name="sample1" time="0.003">
    <skipped/>
  </testcase> <!-- sample1 -->
  <testcase classname="interviewQue.ReRunTestWithIAnnotation" name="sample1" time="0.004">
    <skipped/>
  </testcase> <!-- sample1 -->
  <testcase classname="interviewQue.ReRunTestWithIAnnotation" name="sample1" time="0.004">
    <skipped/>
  </testcase> <!-- sample1 -->
  <testcase classname="interviewQue.ReRunTestWithIAnnotation" name="sample1" time="0.003">
    <failure type="java.lang.AssertionError" message="failed intensionally">
      <![CDATA[java.lang.AssertionError: failed intensionally
at interviewQue.ReRunTestWithIAnnotation.sample1(ReRunTestWithIAnnotation.java:10)
at java.base/java.util.ArrayList.forEach(ArrayList.java:1511)
... Removed 28 stack frames]]>
    </failure>
  </testcase> <!-- sample1 -->
  <testcase classname="interviewQue.ReRunTestWithIAnnotation" name="sample2" time="0.002"/>
  <testcase classname="interviewQue.ReRunTestWithIAnnotation" name="sample3" time="0.005">
    <skipped/>
  </testcase> <!-- sample3 -->
  <testcase classname="interviewQue.ReRunTestWithIAnnotation" name="sample3" time="0.003">
    <skipped/>
  </testcase> <!-- sample3 -->
  <testcase classname="interviewQue.ReRunTestWithIAnnotation" name="sample3" time="0.006">
    <skipped/>
  </testcase> <!-- sample3 -->
  <testcase classname="interviewQue.ReRunTestWithIAnnotation" name="sample3" time="0.002">
    <skipped/>
  </testcase> <!-- sample3 -->
  <testcase classname="interviewQue.ReRunTestWithIAnnotation" name="sample3" time="0.002">
    <skipped/>
  </testcase> <!-- sample3 -->
  <testcase classname="interviewQue.ReRunTestWithIAnnotation" name="sample3" time="0.004">
    <skipped/>
  </testcase> <!-- sample3 -->
  <testcase classname="interviewQue.ReRunTestWithIAnnotation" name="sample3" time="0.002">
    <skipped/>
  </testcase> <!-- sample3 -->
  <testcase classname="interviewQue.ReRunTestWithIAnnotation" name="sample3" time="0.002">
    <skipped/>
  </testcase> <!-- sample3 -->
  <testcase classname="interviewQue.ReRunTestWithIAnnotation" name="sample3" time="0.005">
    <skipped/>
  </testcase> <!-- sample3 -->
  <testcase classname="interviewQue.ReRunTestWithIAnnotation" name="sample3" time="0.004">
    <failure type="java.lang.AssertionError" message="failed intensionally">
      <![CDATA[java.lang.AssertionError: failed intensionally
at interviewQue.ReRunTestWithIAnnotation.sample3(ReRunTestWithIAnnotation.java:19)
at java.base/java.util.ArrayList.forEach(ArrayList.java:1511)
... Removed 28 stack frames]]>
    </failure>
  </testcase> <!-- sample3 -->
  <testcase classname="interviewQue.ReRunTestWithIAnnotation" name="sample4" time="0.001"/>
  <testcase classname="interviewQue.CountLink" name="noOfLinks" time="6.749">
    <skipped/>
  </testcase> <!-- noOfLinks -->
  <testcase classname="interviewQue.CountLink" name="noOfLinks" time="5.074">
    <skipped/>
  </testcase> <!-- noOfLinks -->
  <testcase classname="interviewQue.CountLink" name="noOfLinks" time="4.876">
    <skipped/>
  </testcase> <!-- noOfLinks -->
  <testcase classname="interviewQue.CountLink" name="noOfLinks" time="5.204">
    <skipped/>
  </testcase> <!-- noOfLinks -->
  <testcase classname="interviewQue.CountLink" name="noOfLinks" time="3.585">
    <skipped/>
  </testcase> <!-- noOfLinks -->
  <testcase classname="interviewQue.CountLink" name="noOfLinks" time="3.578">
    <skipped/>
  </testcase> <!-- noOfLinks -->
  <testcase classname="interviewQue.CountLink" name="noOfLinks" time="3.271">
    <skipped/>
  </testcase> <!-- noOfLinks -->
  <testcase classname="interviewQue.CountLink" name="noOfLinks" time="4.668">
    <skipped/>
  </testcase> <!-- noOfLinks -->
  <testcase classname="interviewQue.CountLink" name="noOfLinks" time="3.314">
    <skipped/>
  </testcase> <!-- noOfLinks -->
  <testcase classname="interviewQue.CountLink" name="noOfLinks" time="2.497">
    <failure type="org.openqa.selenium.WebDriverException" message="unknown error: net::ERR_INTERNET_DISCONNECTED
  (Session info: chrome=129.0.6668.60)
Build info: version: &amp;apos;4.18.1&amp;apos;, revision: &amp;apos;b1d3319b48&amp;apos;
System info: os.name: &amp;apos;Windows 10&amp;apos;, os.arch: &amp;apos;amd64&amp;apos;, os.version: &amp;apos;10.0&amp;apos;, java.version: &amp;apos;17.0.8&amp;apos;
Driver info: org.openqa.selenium.chrome.ChromeDriver
Command: [3f47b5d6aabd63f117ac97dfa55ffb72, get {url=https://www.practo.com/Thrissur/doctors}]
Capabilities {acceptInsecureCerts: false, browserName: chrome, browserVersion: 129.0.6668.60, chrome: {chromedriverVersion: 129.0.6668.70 (df87d5cf12b1..., userDataDir: C:\Users\Lenvo\AppData\Loca...}, fedcm:accounts: true, goog:chromeOptions: {debuggerAddress: localhost:65316}, networkConnectionEnabled: false, pageLoadStrategy: normal, platformName: windows, proxy: Proxy(), se:cdp: ws://localhost:65316/devtoo..., se:cdpVersion: 129.0.6668.60, setWindowRect: true, strictFileInteractability: false, timeouts: {implicit: 0, pageLoad: 300000, script: 30000}, unhandledPromptBehavior: dismiss and notify, webauthn:extension:credBlob: true, webauthn:extension:largeBlob: true, webauthn:extension:minPinLength: true, webauthn:extension:prf: true, webauthn:virtualAuthenticators: true}
Session ID: 3f47b5d6aabd63f117ac97dfa55ffb72">
      <![CDATA[org.openqa.selenium.WebDriverException: unknown error: net::ERR_INTERNET_DISCONNECTED
  (Session info: chrome=129.0.6668.60)
Build info: version: '4.18.1', revision: 'b1d3319b48'
System info: os.name: 'Windows 10', os.arch: 'amd64', os.version: '10.0', java.version: '17.0.8'
Driver info: org.openqa.selenium.chrome.ChromeDriver
Command: [3f47b5d6aabd63f117ac97dfa55ffb72, get {url=https://www.practo.com/Thrissur/doctors}]
Capabilities {acceptInsecureCerts: false, browserName: chrome, browserVersion: 129.0.6668.60, chrome: {chromedriverVersion: 129.0.6668.70 (df87d5cf12b1..., userDataDir: C:\Users\Lenvo\AppData\Loca...}, fedcm:accounts: true, goog:chromeOptions: {debuggerAddress: localhost:65316}, networkConnectionEnabled: false, pageLoadStrategy: normal, platformName: windows, proxy: Proxy(), se:cdp: ws://localhost:65316/devtoo..., se:cdpVersion: 129.0.6668.60, setWindowRect: true, strictFileInteractability: false, timeouts: {implicit: 0, pageLoad: 300000, script: 30000}, unhandledPromptBehavior: dismiss and notify, webauthn:extension:credBlob: true, webauthn:extension:largeBlob: true, webauthn:extension:minPinLength: true, webauthn:extension:prf: true, webauthn:virtualAuthenticators: true}
Session ID: 3f47b5d6aabd63f117ac97dfa55ffb72
at org.openqa.selenium.remote.ErrorCodec.decode(ErrorCodec.java:167)
at org.openqa.selenium.remote.codec.w3c.W3CHttpResponseCodec.decode(W3CHttpResponseCodec.java:138)
at org.openqa.selenium.remote.codec.w3c.W3CHttpResponseCodec.decode(W3CHttpResponseCodec.java:50)
at org.openqa.selenium.remote.HttpCommandExecutor.execute(HttpCommandExecutor.java:190)
at org.openqa.selenium.remote.service.DriverCommandExecutor.invokeExecute(DriverCommandExecutor.java:216)
at org.openqa.selenium.remote.service.DriverCommandExecutor.execute(DriverCommandExecutor.java:174)
at org.openqa.selenium.remote.RemoteWebDriver.execute(RemoteWebDriver.java:519)
at org.openqa.selenium.remote.RemoteWebDriver.get(RemoteWebDriver.java:301)
at interviewQue.CountLink.noOfLinks(CountLink.java:19)
at java.base/java.util.ArrayList.forEach(ArrayList.java:1511)
... Removed 32 stack frames]]>
    </failure>
  </testcase> <!-- noOfLinks -->
</testsuite> <!-- Test -->
